<?xml version="1.0" encoding="UTF-8"?>
<!-- Generated by org.testng.reporters.JUnitReportReporter -->
<testsuite skipped="0" hostname="VG-IT-LAP-79" name="ReadFromExcel" tests="1" failures="0" timestamp="28 Jul 2018 04:13:14 GMT" time="1.031" errors="0">
  <testcase name="readExcel" time="1.031" classname="ReadFromExcel"/>
</testsuite> <!-- ReadFromExcel -->
