<?xml version="1.0" encoding="UTF-8"?>
<!-- Generated by org.testng.reporters.JUnitReportReporter -->
<testsuite skipped="0" hostname="VG-IT-LAP-79" name="testcases.TC001" tests="2" failures="0" timestamp="29 Jul 2018 05:50:45 GMT" time="57.769" errors="0">
  <testcase name="createLead" time="29.762" classname="testcases.TC001"/>
  <testcase name="createLead" time="28.007" classname="testcases.TC001"/>
</testsuite> <!-- testcases.TC001 -->
